[02:23:35] [Server thread/INFO]: Starting minecraft server version 1.15.2
[02:23:35] [Server thread/INFO]: Loading properties
[02:23:35] [Server thread/INFO]: This server is running CraftBukkit version git-Spigot-6de3d4b-a6f8093 (MC: 1.15.2) (Implementing API version 1.15.2-R0.1-SNAPSHOT)
[02:23:35] [Server thread/INFO]: Server Ping Player Sample Count: 12
[02:23:35] [Server thread/INFO]: Using 4 threads for Netty based IO
[02:23:35] [Server thread/INFO]: Debug logging is disabled
[02:23:35] [Server thread/INFO]: Default game type: SURVIVAL
[02:23:35] [Server thread/INFO]: Generating keypair
[02:23:36] [Server thread/INFO]: Starting Minecraft server on *:25565
[02:23:36] [Server thread/INFO]: Using epoll channel type
[02:23:37] [Server thread/WARN]: Initializing Legacy Material Support. Unless you have legacy plugins and/or data this is a bug!
[02:23:40] [Server thread/WARN]: Legacy plugin MultiWorld v5.2.8 does not specify an api-version.
[02:23:41] [Server thread/INFO]: [MultiWorld] Loading MultiWorld v5.2.8
[02:23:41] [Server thread/INFO]: [WorldEdit] Loading WorldEdit v7.1.0;8e55131
[02:23:42] [Server thread/INFO]: Got request to register class com.sk89q.worldedit.bukkit.BukkitServerInterface with WorldEdit [com.sk89q.worldedit.extension.platform.PlatformManager@27a06a50]
[02:23:42] [Server thread/INFO]: [Essentials] Loading Essentials v2.17.2.0
[02:23:42] [Server thread/INFO]: [WorldGuard] Loading WorldGuard v7.0.2-SNAPSHOT;bf2593e
[02:23:42] [Server thread/INFO]: [WorldEdit] Enabling WorldEdit v7.1.0;8e55131
[02:23:42] [Server thread/INFO]: WEPIF: Using the Bukkit Permissions API.
[02:23:42] [Server thread/INFO]: Using com.sk89q.worldedit.bukkit.adapter.impl.Spigot_v1_15_R2 as the Bukkit adapter
[02:23:43] [Server thread/WARN]: [WorldEdit] ====================================================
[02:23:43] [Server thread/WARN]: [WorldEdit]  WorldEdit works better if you use Paper 
[02:23:43] [Server thread/WARN]: [WorldEdit]  as your server software. 
[02:23:43] [Server thread/WARN]: [WorldEdit]   
[02:23:43] [Server thread/WARN]: [WorldEdit]  Paper offers significant performance improvements,
[02:23:43] [Server thread/WARN]: [WorldEdit]  bug fixes, security enhancements and optional
[02:23:43] [Server thread/WARN]: [WorldEdit]  features for server owners to enhance their server.
[02:23:43] [Server thread/WARN]: [WorldEdit]   
[02:23:43] [Server thread/WARN]: [WorldEdit]  Paper includes Timings v2, which is significantly
[02:23:43] [Server thread/WARN]: [WorldEdit]  better at diagnosing lag problems over v1.
[02:23:43] [Server thread/WARN]: [WorldEdit]   
[02:23:43] [Server thread/WARN]: [WorldEdit]  All of your plugins should still work, and the
[02:23:43] [Server thread/WARN]: [WorldEdit]  Paper community will gladly help you fix any issues.
[02:23:43] [Server thread/WARN]: [WorldEdit]   
[02:23:43] [Server thread/WARN]: [WorldEdit]  Join the Paper Community @ https://papermc.io
[02:23:43] [Server thread/WARN]: [WorldEdit] ====================================================
[02:23:43] [Server thread/WARN]: **** SERVER IS RUNNING IN OFFLINE/INSECURE MODE!
[02:23:43] [Server thread/WARN]: The server will make no attempt to authenticate usernames. Beware.
[02:23:43] [Server thread/WARN]: While this makes the game possible to play without internet access, it also opens up the ability for hackers to connect with any username they choose.
[02:23:43] [Server thread/WARN]: To change this, set "online-mode" to "true" in the server.properties file.
[02:23:43] [Server thread/INFO]: Preparing level "world"
[02:23:44] [Server thread/INFO]: Reloading ResourceManager: Default, bukkit
[02:23:44] [Server thread/INFO]: Loaded 6 recipes
[02:23:45] [Server thread/INFO]: -------- World Settings For [world] --------
[02:23:45] [Server thread/INFO]: Mob Spawn Range: 6
[02:23:45] [Server thread/INFO]: Cactus Growth Modifier: 100%
[02:23:45] [Server thread/INFO]: Cane Growth Modifier: 100%
[02:23:45] [Server thread/INFO]: Melon Growth Modifier: 100%
[02:23:45] [Server thread/INFO]: Mushroom Growth Modifier: 100%
[02:23:45] [Server thread/INFO]: Pumpkin Growth Modifier: 100%
[02:23:45] [Server thread/INFO]: Sapling Growth Modifier: 100%
[02:23:45] [Server thread/INFO]: Beetroot Growth Modifier: 100%
[02:23:45] [Server thread/INFO]: Carrot Growth Modifier: 100%
[02:23:45] [Server thread/INFO]: Potato Growth Modifier: 100%
[02:23:45] [Server thread/INFO]: Wheat Growth Modifier: 100%
[02:23:45] [Server thread/INFO]: NetherWart Growth Modifier: 100%
[02:23:45] [Server thread/INFO]: Vine Growth Modifier: 100%
[02:23:45] [Server thread/INFO]: Cocoa Growth Modifier: 100%
[02:23:45] [Server thread/INFO]: Bamboo Growth Modifier: 100%
[02:23:45] [Server thread/INFO]: SweetBerry Growth Modifier: 100%
[02:23:45] [Server thread/INFO]: Kelp Growth Modifier: 100%
[02:23:45] [Server thread/INFO]: Entity Activation Range: An 32 / Mo 32 / Ra 48 / Mi 16 / Tiv true
[02:23:45] [Server thread/INFO]: Entity Tracking Range: Pl 48 / An 48 / Mo 48 / Mi 32 / Other 64
[02:23:45] [Server thread/INFO]: Hopper Transfer: 8 Hopper Check: 1 Hopper Amount: 1
[02:23:45] [Server thread/INFO]: Custom Map Seeds:  Village: 10387312 Desert: 14357617 Igloo: 14357618 Jungle: 14357619 Swamp: 14357620 Monument: 10387313 Ocean: 14357621 Shipwreck: 165745295 Slime: 987234911
[02:23:45] [Server thread/INFO]: Experience Merge Radius: 3.0
[02:23:45] [Server thread/INFO]: Max TNT Explosions: 100
[02:23:45] [Server thread/INFO]: Tile Max Tick Time: 50ms Entity max Tick Time: 50ms
[02:23:45] [Server thread/INFO]: View Distance: 10
[02:23:45] [Server thread/INFO]: Item Despawn Rate: 6000
[02:23:45] [Server thread/INFO]: Item Merge Radius: 2.5
[02:23:45] [Server thread/INFO]: Allow Zombie Pigmen to spawn from portal blocks: true
[02:23:45] [Server thread/INFO]: Arrow Despawn Rate: 1200 Trident Respawn Rate:1200
[02:23:45] [Server thread/INFO]: Zombie Aggressive Towards Villager: true
[02:23:45] [Server thread/INFO]: Nerfing mobs spawned from spawners: false
[02:23:46] [Server thread/INFO]: Registering commands with com.sk89q.worldedit.bukkit.BukkitServerInterface
[02:23:46] [Server thread/INFO]: -------- World Settings For [world_nether] --------
[02:23:46] [Server thread/INFO]: Mob Spawn Range: 6
[02:23:46] [Server thread/INFO]: Cactus Growth Modifier: 100%
[02:23:46] [Server thread/INFO]: Cane Growth Modifier: 100%
[02:23:46] [Server thread/INFO]: Melon Growth Modifier: 100%
[02:23:46] [Server thread/INFO]: Mushroom Growth Modifier: 100%
[02:23:46] [Server thread/INFO]: Pumpkin Growth Modifier: 100%
[02:23:46] [Server thread/INFO]: Sapling Growth Modifier: 100%
[02:23:46] [Server thread/INFO]: Beetroot Growth Modifier: 100%
[02:23:46] [Server thread/INFO]: Carrot Growth Modifier: 100%
[02:23:46] [Server thread/INFO]: Potato Growth Modifier: 100%
[02:23:46] [Server thread/INFO]: Wheat Growth Modifier: 100%
[02:23:46] [Server thread/INFO]: NetherWart Growth Modifier: 100%
[02:23:46] [Server thread/INFO]: Vine Growth Modifier: 100%
[02:23:46] [Server thread/INFO]: Cocoa Growth Modifier: 100%
[02:23:46] [Server thread/INFO]: Bamboo Growth Modifier: 100%
[02:23:46] [Server thread/INFO]: SweetBerry Growth Modifier: 100%
[02:23:46] [Server thread/INFO]: Kelp Growth Modifier: 100%
[02:23:46] [Server thread/INFO]: Entity Activation Range: An 32 / Mo 32 / Ra 48 / Mi 16 / Tiv true
[02:23:46] [Server thread/INFO]: Entity Tracking Range: Pl 48 / An 48 / Mo 48 / Mi 32 / Other 64
[02:23:46] [Server thread/INFO]: Hopper Transfer: 8 Hopper Check: 1 Hopper Amount: 1
[02:23:46] [Server thread/INFO]: Custom Map Seeds:  Village: 10387312 Desert: 14357617 Igloo: 14357618 Jungle: 14357619 Swamp: 14357620 Monument: 10387313 Ocean: 14357621 Shipwreck: 165745295 Slime: 987234911
[02:23:46] [Server thread/INFO]: Experience Merge Radius: 3.0
[02:23:46] [Server thread/INFO]: Max TNT Explosions: 100
[02:23:46] [Server thread/INFO]: Tile Max Tick Time: 50ms Entity max Tick Time: 50ms
[02:23:46] [Server thread/INFO]: View Distance: 10
[02:23:46] [Server thread/INFO]: Item Despawn Rate: 6000
[02:23:46] [Server thread/INFO]: Item Merge Radius: 2.5
[02:23:46] [Server thread/INFO]: Allow Zombie Pigmen to spawn from portal blocks: true
[02:23:46] [Server thread/INFO]: Arrow Despawn Rate: 1200 Trident Respawn Rate:1200
[02:23:46] [Server thread/INFO]: Zombie Aggressive Towards Villager: true
[02:23:46] [Server thread/INFO]: Nerfing mobs spawned from spawners: false
[02:23:46] [Server thread/INFO]: -------- World Settings For [world_the_end] --------
[02:23:46] [Server thread/INFO]: Mob Spawn Range: 6
[02:23:46] [Server thread/INFO]: Cactus Growth Modifier: 100%
[02:23:46] [Server thread/INFO]: Cane Growth Modifier: 100%
[02:23:46] [Server thread/INFO]: Melon Growth Modifier: 100%
[02:23:46] [Server thread/INFO]: Mushroom Growth Modifier: 100%
[02:23:46] [Server thread/INFO]: Pumpkin Growth Modifier: 100%
[02:23:46] [Server thread/INFO]: Sapling Growth Modifier: 100%
[02:23:46] [Server thread/INFO]: Beetroot Growth Modifier: 100%
[02:23:46] [Server thread/INFO]: Carrot Growth Modifier: 100%
[02:23:46] [Server thread/INFO]: Potato Growth Modifier: 100%
[02:23:46] [Server thread/INFO]: Wheat Growth Modifier: 100%
[02:23:46] [Server thread/INFO]: NetherWart Growth Modifier: 100%
[02:23:46] [Server thread/INFO]: Vine Growth Modifier: 100%
[02:23:46] [Server thread/INFO]: Cocoa Growth Modifier: 100%
[02:23:46] [Server thread/INFO]: Bamboo Growth Modifier: 100%
[02:23:46] [Server thread/INFO]: SweetBerry Growth Modifier: 100%
[02:23:46] [Server thread/INFO]: Kelp Growth Modifier: 100%
[02:23:46] [Server thread/INFO]: Entity Activation Range: An 32 / Mo 32 / Ra 48 / Mi 16 / Tiv true
[02:23:46] [Server thread/INFO]: Entity Tracking Range: Pl 48 / An 48 / Mo 48 / Mi 32 / Other 64
[02:23:46] [Server thread/INFO]: Hopper Transfer: 8 Hopper Check: 1 Hopper Amount: 1
[02:23:46] [Server thread/INFO]: Custom Map Seeds:  Village: 10387312 Desert: 14357617 Igloo: 14357618 Jungle: 14357619 Swamp: 14357620 Monument: 10387313 Ocean: 14357621 Shipwreck: 165745295 Slime: 987234911
[02:23:46] [Server thread/INFO]: Experience Merge Radius: 3.0
[02:23:46] [Server thread/INFO]: Max TNT Explosions: 100
[02:23:46] [Server thread/INFO]: Tile Max Tick Time: 50ms Entity max Tick Time: 50ms
[02:23:46] [Server thread/INFO]: View Distance: 10
[02:23:46] [Server thread/INFO]: Item Despawn Rate: 6000
[02:23:46] [Server thread/INFO]: Item Merge Radius: 2.5
[02:23:46] [Server thread/INFO]: Allow Zombie Pigmen to spawn from portal blocks: true
[02:23:46] [Server thread/INFO]: Arrow Despawn Rate: 1200 Trident Respawn Rate:1200
[02:23:46] [Server thread/INFO]: Zombie Aggressive Towards Villager: true
[02:23:46] [Server thread/INFO]: Nerfing mobs spawned from spawners: false
[02:23:46] [Server thread/INFO]: Preparing start region for dimension 'world'/minecraft:overworld
[02:23:47] [Server thread/INFO]: Preparing spawn area: 0%
[02:23:47] [Server thread/INFO]: Preparing spawn area: 0%
[02:23:47] [Server thread/INFO]: Preparing spawn area: 0%
[02:24:03] [Server-Worker-1/INFO]: Preparing spawn area: 0%
[02:24:03] [Server-Worker-1/INFO]: Preparing spawn area: 0%
[02:24:03] [Server-Worker-1/INFO]: Preparing spawn area: 0%
[02:24:03] [Server-Worker-1/INFO]: Preparing spawn area: 0%
[02:24:03] [Server-Worker-1/INFO]: Preparing spawn area: 0%
[02:24:03] [Server-Worker-1/INFO]: Preparing spawn area: 0%
[02:24:03] [Server-Worker-1/INFO]: Preparing spawn area: 0%
[02:24:03] [Server-Worker-1/INFO]: Preparing spawn area: 0%
[02:24:03] [Server-Worker-1/INFO]: Preparing spawn area: 0%
[02:24:03] [Server-Worker-1/INFO]: Preparing spawn area: 0%
[02:24:03] [Server-Worker-1/INFO]: Preparing spawn area: 0%
[02:24:03] [Server-Worker-1/INFO]: Preparing spawn area: 0%
[02:24:03] [Server-Worker-1/INFO]: Preparing spawn area: 0%
[02:24:03] [Server-Worker-1/INFO]: Preparing spawn area: 0%
[02:24:03] [Server-Worker-1/INFO]: Preparing spawn area: 0%
[02:24:03] [Server-Worker-1/INFO]: Preparing spawn area: 0%
[02:24:03] [Server-Worker-1/INFO]: Preparing spawn area: 0%
[02:24:03] [Server-Worker-1/INFO]: Preparing spawn area: 0%
[02:24:03] [Server-Worker-1/INFO]: Preparing spawn area: 0%
[02:24:03] [Server-Worker-1/INFO]: Preparing spawn area: 0%
[02:24:03] [Server-Worker-1/INFO]: Preparing spawn area: 0%
[02:24:03] [Server-Worker-1/INFO]: Preparing spawn area: 0%
[02:24:03] [Server-Worker-1/INFO]: Preparing spawn area: 0%
[02:24:03] [Server-Worker-1/INFO]: Preparing spawn area: 0%
[02:24:03] [Server-Worker-1/INFO]: Preparing spawn area: 0%
[02:24:03] [Server-Worker-1/INFO]: Preparing spawn area: 0%
[02:24:03] [Server-Worker-1/INFO]: Preparing spawn area: 0%
[02:24:03] [Server-Worker-1/INFO]: Preparing spawn area: 0%
[02:24:03] [Server-Worker-1/INFO]: Preparing spawn area: 0%
[02:24:03] [Server-Worker-1/INFO]: Preparing spawn area: 0%
[02:24:03] [Server-Worker-1/INFO]: Preparing spawn area: 0%
[02:24:03] [Server-Worker-1/INFO]: Preparing spawn area: 0%
[02:24:06] [Server-Worker-1/INFO]: Preparing spawn area: 0%
[02:24:06] [Server-Worker-1/INFO]: Preparing spawn area: 0%
[02:24:06] [Server-Worker-1/INFO]: Preparing spawn area: 0%
[02:24:06] [Server-Worker-1/INFO]: Preparing spawn area: 0%
[02:24:06] [Server-Worker-1/INFO]: Preparing spawn area: 0%
[02:24:06] [Server-Worker-1/INFO]: Preparing spawn area: 23%
[02:24:07] [Server-Worker-1/INFO]: Preparing spawn area: 23%
[02:24:07] [Server-Worker-1/INFO]: Preparing spawn area: 99%
[02:24:08] [Server thread/INFO]: Time elapsed: 21336 ms
[02:24:08] [Server thread/INFO]: Preparing start region for dimension 'world_nether'/minecraft:the_nether
[02:24:08] [Server thread/INFO]: Preparing spawn area: 0%
[02:24:08] [Server thread/INFO]: Preparing spawn area: 0%
[02:24:09] [Server-Worker-1/INFO]: Preparing spawn area: 83%
[02:24:09] [Server-Worker-1/INFO]: Preparing spawn area: 83%
[02:24:10] [Server-Worker-1/INFO]: Preparing spawn area: 83%
[02:24:10] [Server-Worker-1/INFO]: Preparing spawn area: 83%
[02:24:11] [Server-Worker-1/INFO]: Preparing spawn area: 92%
[02:24:11] [Server thread/INFO]: Time elapsed: 3271 ms
[02:24:11] [Server thread/INFO]: Preparing start region for dimension 'world_the_end'/minecraft:the_end
[02:24:11] [Server thread/INFO]: Preparing spawn area: 0%
[02:24:11] [Server-Worker-1/INFO]: Preparing spawn area: 83%
[02:24:12] [Server thread/INFO]: Time elapsed: 855 ms
[02:24:12] [Server thread/INFO]: [MultiWorld] Enabling MultiWorld v5.2.8
[02:24:12] [Server thread/INFO]: [MultiWorld] v5.2.8 enabled.
[02:24:12] [Server thread/INFO]: [Essentials] Enabling Essentials v2.17.2.0
[02:24:12] [Server thread/INFO]: Attempting to convert old kits in config.yml to new kits.yml
[02:24:12] [Server thread/INFO]: No kits found to migrate.
[02:24:12] [Server thread/INFO]: [Essentials] Using 1.8.3+ BlockStateMeta provider as mob spawner provider.
[02:24:12] [Server thread/INFO]: [Essentials] Using 1.13+ flat spawn egg provider as spawn egg provider.
[02:24:12] [Server thread/INFO]: [Essentials] Using 1.9+ BasePotionData provider as potion meta provider.
[02:24:12] [Server thread/INFO]: Loaded 21018 items from items.json.
[02:24:12] [Server thread/INFO]: Using locale zh_CN
[02:24:12] [Server thread/INFO]: [Essentials] ServerListPingEvent: Spigot iterator API
[02:24:12] [Server thread/INFO]: [Essentials] Starting Metrics. Opt-out using the global bStats config.
[02:24:12] [Server thread/INFO]: [Essentials] Using superperms-based permissions.
[02:24:12] [Server thread/INFO]: [WorldGuard] Enabling WorldGuard v7.0.2-SNAPSHOT;bf2593e
[02:24:13] [Server thread/INFO]: [WorldGuard] (world) TNT ignition is PERMITTED.
[02:24:13] [Server thread/INFO]: [WorldGuard] (world) Lighters are PERMITTED.
[02:24:13] [Server thread/INFO]: [WorldGuard] (world) Lava fire is PERMITTED.
[02:24:13] [Server thread/INFO]: [WorldGuard] (world) Fire spread is UNRESTRICTED.
[02:24:13] [Server thread/INFO]: [WorldGuard] Loaded configuration for world 'world'
[02:24:13] [Server thread/INFO]: [WorldGuard] (world_nether) TNT ignition is PERMITTED.
[02:24:13] [Server thread/INFO]: [WorldGuard] (world_nether) Lighters are PERMITTED.
[02:24:13] [Server thread/INFO]: [WorldGuard] (world_nether) Lava fire is PERMITTED.
[02:24:13] [Server thread/INFO]: [WorldGuard] (world_nether) Fire spread is UNRESTRICTED.
[02:24:13] [Server thread/INFO]: [WorldGuard] Loaded configuration for world 'world_nether'
[02:24:13] [Server thread/INFO]: [WorldGuard] (world_the_end) TNT ignition is PERMITTED.
[02:24:13] [Server thread/INFO]: [WorldGuard] (world_the_end) Lighters are PERMITTED.
[02:24:13] [Server thread/INFO]: [WorldGuard] (world_the_end) Lava fire is PERMITTED.
[02:24:13] [Server thread/INFO]: [WorldGuard] (world_the_end) Fire spread is UNRESTRICTED.
[02:24:13] [Server thread/INFO]: [WorldGuard] Loaded configuration for world 'world_the_end'
[02:24:13] [Server thread/INFO]: [WorldGuard] Loading region data...
[02:24:13] [Server thread/INFO]: Server permissions file permissions.yml is empty, ignoring it
[02:24:13] [Server thread/INFO]: Done (29.644s)! For help, type "help"
[02:26:15] [Server thread/INFO]: CONSOLE issued server command: /help 
[02:26:15] [Server thread/INFO]: To view help from the console, type '?'.[m
[02:30:35] [User Authenticator #1/INFO]: UUID of player hyacinth is a62f4e98-03f1-3fd2-88e7-2a59b85a8138
[02:30:35] [Server thread/INFO]: hyacinth[/183.225.40.86:14311] logged in with entity id 223 at ([world]-37.5, 65.0, -250.5)
[02:30:35] [pool-10-thread-1/INFO]: 创建空的配置:/MC1.5_dev/MC2/plugins/Essentials/userdata/a62f4e98-03f1-3fd2-88e7-2a59b85a8138.yml
[02:33:48] [Server thread/INFO]: Made hyacinth a server operator
[02:34:40] [Server thread/INFO]: hyacinth lost connection: Disconnected
[02:34:40] [Server thread/INFO]: hyacinth left the game
[02:46:06] [User Authenticator #2/INFO]: UUID of player hyacinth is a62f4e98-03f1-3fd2-88e7-2a59b85a8138
[02:46:06] [Server thread/INFO]: hyacinth[/183.225.40.86:13537] logged in with entity id 653 at ([world]-41.90978625115746, 69.0, -241.4556873000333)
[02:46:28] [Server thread/INFO]: hyacinth issued server command: /help
[02:47:05] [Async Chat Thread - #0/INFO]: <[0;31;22mhyacinth[m> hellp[m
[02:50:08] [Server thread/INFO]: hyacinth lost connection: Disconnected
[02:50:08] [Server thread/INFO]: hyacinth left the game
[09:14:22] [Server console handler/ERROR]: Exception handling console input
java.io.IOException: 输入/输出错误
	at java.io.FileInputStream.readBytes(Native Method) ~[?:1.8.0_242]
	at java.io.FileInputStream.read(FileInputStream.java:255) ~[?:1.8.0_242]
	at java.io.BufferedInputStream.fill(BufferedInputStream.java:246) ~[?:1.8.0_242]
	at java.io.BufferedInputStream.read(BufferedInputStream.java:265) ~[?:1.8.0_242]
	at org.bukkit.craftbukkit.libs.jline.internal.NonBlockingInputStream.read(NonBlockingInputStream.java:169) ~[spigot-1.15.2.jar:git-Spigot-6de3d4b-a6f8093]
	at org.bukkit.craftbukkit.libs.jline.internal.NonBlockingInputStream.read(NonBlockingInputStream.java:137) ~[spigot-1.15.2.jar:git-Spigot-6de3d4b-a6f8093]
	at org.bukkit.craftbukkit.libs.jline.internal.NonBlockingInputStream.read(NonBlockingInputStream.java:246) ~[spigot-1.15.2.jar:git-Spigot-6de3d4b-a6f8093]
	at org.bukkit.craftbukkit.libs.jline.internal.InputStreamReader.read(InputStreamReader.java:261) ~[spigot-1.15.2.jar:git-Spigot-6de3d4b-a6f8093]
	at org.bukkit.craftbukkit.libs.jline.internal.InputStreamReader.read(InputStreamReader.java:198) ~[spigot-1.15.2.jar:git-Spigot-6de3d4b-a6f8093]
	at org.bukkit.craftbukkit.libs.jline.console.ConsoleReader.readCharacter(ConsoleReader.java:2145) ~[spigot-1.15.2.jar:git-Spigot-6de3d4b-a6f8093]
	at org.bukkit.craftbukkit.libs.jline.console.ConsoleReader.readLine(ConsoleReader.java:2349) ~[spigot-1.15.2.jar:git-Spigot-6de3d4b-a6f8093]
	at net.minecraft.server.v1_15_R1.DedicatedServer$2.run(DedicatedServer.java:103) [spigot-1.15.2.jar:git-Spigot-6de3d4b-a6f8093]
[09:14:22] [Thread-3/INFO]: Stopping server
